<?xml version="1.0" encoding="UTF-8"?>
<!-- Generated by org.testng.reporters.JUnitReportReporter -->
<testsuite hostname="MSI" failures="0" tests="1" name="testcase_repo.ORG_02" time="9.928" errors="0" timestamp="2024-07-30T18:24:01 IST" skipped="0">
  <testcase classname="testcase_repo.ORG_02" name="org02" time="9.928"/>
  <system-out/>
</testsuite> <!-- testcase_repo.ORG_02 -->
