<?xml version="1.0" encoding="UTF-8"?>
<!-- Generated by org.testng.reporters.JUnitReportReporter -->
<testsuite hostname="MSI" failures="0" tests="6" name="Sample_Repo.Program2" time="0.008" errors="0" timestamp="2024-07-24T14:13:29 IST" skipped="0">
  <testcase classname="Sample_Repo.Program2" name="CreateUser" time="0.001"/>
  <system-out/>
  <testcase classname="Sample_Repo.Program2" name="CreateUser" time="0.000"/>
  <system-out/>
  <testcase classname="Sample_Repo.Program2" name="CreateUser" time="0.001"/>
  <system-out/>
  <testcase classname="Sample_Repo.Program2" name="CreateUser" time="0.000"/>
  <system-out/>
  <testcase classname="Sample_Repo.Program2" name="CreateUser" time="0.005"/>
  <system-out/>
  <testcase classname="Sample_Repo.Program2" name="DeleteUser" time="0.001"/>
  <system-out/>
</testsuite> <!-- Sample_Repo.Program2 -->
