<?xml version="1.0" encoding="UTF-8"?>
<!-- Generated by org.testng.reporters.JUnitReportReporter -->
<testsuite hostname="MSI" failures="0" tests="1" name="testcase_repo.LE_03" time="12.770" errors="0" timestamp="2024-07-30T18:24:01 IST" skipped="0">
  <testcase classname="testcase_repo.LE_03" name="le02tc" time="12.770"/>
  <system-out/>
</testsuite> <!-- testcase_repo.LE_03 -->
