<?xml version="1.0" encoding="UTF-8"?>
<!-- Generated by org.testng.reporters.JUnitReportReporter -->
<testsuite hostname="MSI" failures="0" tests="1" name="testcase_repo.LE_01" time="12.841" errors="0" timestamp="2024-07-30T19:27:56 IST" skipped="0">
  <testcase classname="testcase_repo.LE_01" name="le01TC" time="12.841"/>
  <system-out/>
</testsuite> <!-- testcase_repo.LE_01 -->
