<?xml version="1.0" encoding="UTF-8"?>
<!-- Generated by org.testng.reporters.JUnitReportReporter -->
<testsuite hostname="MSI" failures="0" tests="2" name="Sample_Repo.Program4" time="0.008" errors="0" timestamp="2024-07-25T11:57:24 IST" skipped="0">
  <testcase classname="Sample_Repo.Program4" name="Strictlevelcomparision" time="0.007"/>
  <system-out/>
  <testcase classname="Sample_Repo.Program4" name="containslevel" time="0.001"/>
  <system-out/>
</testsuite> <!-- Sample_Repo.Program4 -->
